<?xml version="1.0" encoding="UTF-8"?>
<!-- Generated by org.testng.reporters.JUnitXMLReporter -->
<testsuite ignored="0" hostname="METHRE" failures="0" tests="1" name="Test-Runner2" time="55.83" errors="0" timestamp="2023-08-22T21:36:22 IST">
  <testcase classname="com.testscripts.demoblaze.AddToCart" name="addToCartTest" time="12.375"/>
</testsuite> <!-- Test-Runner2 -->
