<?xml version="1.0" encoding="UTF-8"?>
<!-- Generated by org.testng.reporters.JUnitReportReporter -->
<testsuite hostname="METHRE" failures="0" tests="1" name="com.testscripts.demoblaze.AddToCart" time="34.526" errors="0" timestamp="2023-09-20T16:38:35 IST" skipped="0">
  <testcase classname="com.testscripts.demoblaze.AddToCart" name="addToCartTest" time="34.526">
    <system-out>
      <![CDATA[Added to the cart]]>
    </system-out>
  </testcase> <!-- addToCartTest -->
  <system-out>
    <![CDATA[Logged in to the browser
Logged in to the appa
Added to the cart
logged out from the app
Logged in to the appa
Send the succesfully Contact details
logged out from the app
Logged in to the appa
Send the succesfully Contact details
logged out from the app
Logged in to the appa
logged out from the app
Closed the browser]]>
  </system-out>
</testsuite> <!-- com.testscripts.demoblaze.AddToCart -->
