<?xml version="1.0" encoding="UTF-8"?>
<!-- Generated by org.testng.reporters.JUnitReportReporter -->
<testsuite hostname="METHRE" failures="0" tests="2" name="com.testscripts.demoblaze.Contact_Page" time="49.586" errors="0" timestamp="2023-09-19T12:15:46 IST" skipped="0">
  <testcase classname="com.testscripts.demoblaze.Contact_Page" name="contactPageTest" time="24.642">
    <system-out>
      <![CDATA[Send the succesfully Contact details]]>
    </system-out>
  </testcase> <!-- contactPageTest -->
  <testcase classname="com.testscripts.demoblaze.Contact_Page" name="contactPageTest" time="24.944">
    <system-out>
      <![CDATA[Send the succesfully Contact details]]>
    </system-out>
  </testcase> <!-- contactPageTest -->
  <system-out>
    <![CDATA[Logged in to the browser
Logged in to the appa
Send the succesfully Contact details
logged out from the app
Logged in to the appa
Send the succesfully Contact details
logged out from the app
Closed the browser]]>
  </system-out>
</testsuite> <!-- com.testscripts.demoblaze.Contact_Page -->
